<beans xmlns="http://www.springframework.org/schema/beans"
	xmlns:xsi="http://www.w3.org/2001/XMLSchema-instance" 
	xmlns:jdbc="http://www.springframework.org/schema/jdbc"
	xsi:schemaLocation="
		http://www.springframework.org/schema/beans http://www.springframework.org/schema/beans/spring-beans.xsd
		http://www.springframework.org/schema/jdbc http://www.springframework.org/schema/jdbc/spring-jdbc.xsd">
	
	<!-- Replaces the default JasperFillerPolicy to return a DataSourceJasperFillerImpl -->
	<bean id="jasperFillerPolicy" class="cloud.altemista.fwk.reporting.jasper.filler.impl.SimpleJasperFillerPolicyImpl">
		<property name="filler" ref="dataSourceJasperFiller" />
	</bean>
	
	<bean id="dataSourceJasperFiller" class="cloud.altemista.fwk.reporting.jasper.filler.impl.DataSourceJasperFillerImpl">
		<property name="dataSource" ref="emptyDataSource" />
	</bean>
	
	<jdbc:embedded-database id="emptyDataSource">
	</jdbc:embedded-database>

</beans>